e:\visualstudioprojects\cudaraytracer\cudaraytracer\x64\release\vc142.pdb
e:\visualstudioprojects\cudaraytracer\cudaraytracer\x64\release\stb_image_writer.obj
x64\release\float3.cu.obj
x64\release\kernel.cu.obj
e:\visualstudioprojects\cudaraytracer\cudaraytracer.lib
e:\visualstudioprojects\cudaraytracer\cudaraytracer.exp
e:\visualstudioprojects\cudaraytracer\cudaraytracer.ipdb
e:\visualstudioprojects\cudaraytracer\cudaraytracer.iobj
e:\visualstudioprojects\cudaraytracer\cudaraytracer.exe
e:\visualstudioprojects\cudaraytracer\cudaraytracer.pdb
e:\visualstudioprojects\cudaraytracer\cudaraytracer\x64\release\float3.cu.cache
e:\visualstudioprojects\cudaraytracer\cudaraytracer\x64\release\kernel.cu.cache
e:\visualstudioprojects\cudaraytracer\cudaraytracer\x64\release\float3.cu.obj
e:\visualstudioprojects\cudaraytracer\cudaraytracer\x64\release\kernel.cu.obj
e:\visualstudioprojects\cudaraytracer\x64\release\.\..\..\cudaraytracer.pdb
e:\visualstudioprojects\cudaraytracer\x64\release\.\..\..\cudaraytracer.exe
e:\visualstudioprojects\cudaraytracer\cudaraytracer\x64\release\cudaraytracer.tlog\cl.command.1.tlog
e:\visualstudioprojects\cudaraytracer\cudaraytracer\x64\release\cudaraytracer.tlog\cl.read.1.tlog
e:\visualstudioprojects\cudaraytracer\cudaraytracer\x64\release\cudaraytracer.tlog\cl.write.1.tlog
e:\visualstudioprojects\cudaraytracer\cudaraytracer\x64\release\cudaraytracer.tlog\cudacompile.read.1u.tlog
e:\visualstudioprojects\cudaraytracer\cudaraytracer\x64\release\cudaraytracer.tlog\cudacompile.write.1u.tlog
e:\visualstudioprojects\cudaraytracer\cudaraytracer\x64\release\cudaraytracer.tlog\cudaraytracer.write.1u.tlog
e:\visualstudioprojects\cudaraytracer\cudaraytracer\x64\release\cudaraytracer.tlog\link.command.1.tlog
e:\visualstudioprojects\cudaraytracer\cudaraytracer\x64\release\cudaraytracer.tlog\link.read.1.tlog
e:\visualstudioprojects\cudaraytracer\cudaraytracer\x64\release\cudaraytracer.tlog\link.write.1.tlog
